TN:
SF:src/id-utils.ts
FN:8,(anonymous_0)
FN:15,(anonymous_1)
FN:22,(anonymous_2)
FN:29,(anonymous_3)
FN:45,(anonymous_4)
FN:61,(anonymous_5)
FN:83,(anonymous_6)
FN:89,(anonymous_7)
FN:104,(anonymous_8)
FN:114,(anonymous_9)
FN:121,(anonymous_10)
FN:131,(anonymous_11)
FNF:12
FNH:0
FNDA:0,(anonymous_0)
FNDA:0,(anonymous_1)
FNDA:0,(anonymous_2)
FNDA:0,(anonymous_3)
FNDA:0,(anonymous_4)
FNDA:0,(anonymous_5)
FNDA:0,(anonymous_6)
FNDA:0,(anonymous_7)
FNDA:0,(anonymous_8)
FNDA:0,(anonymous_9)
FNDA:0,(anonymous_10)
FNDA:0,(anonymous_11)
DA:5,0
DA:6,0
DA:9,0
DA:16,0
DA:23,0
DA:30,0
DA:31,0
DA:34,0
DA:35,0
DA:36,0
DA:38,0
DA:46,0
DA:47,0
DA:50,0
DA:51,0
DA:52,0
DA:54,0
DA:62,0
DA:63,0
DA:67,0
DA:68,0
DA:69,0
DA:72,0
DA:73,0
DA:74,0
DA:77,0
DA:84,0
DA:85,0
DA:88,0
DA:89,0
DA:92,0
DA:105,0
DA:115,0
DA:122,0
DA:124,0
DA:125,0
DA:132,0
LF:37
LH:0
BRDA:30,0,0,0
BRDA:46,1,0,0
BRDA:62,2,0,0
BRDA:68,3,0,0
BRDA:68,4,0,0
BRDA:68,4,1,0
BRDA:84,5,0,0
BRDA:84,6,0,0
BRDA:84,6,1,0
BRDA:104,7,0,0
BRDA:105,8,0,0
BRDA:105,8,1,0
BRDA:105,8,2,0
BRDA:105,8,3,0
BRDA:122,9,0,0
BRF:15
BRH:0
end_of_record
TN:
SF:src/price-calculators.ts
FN:2,(anonymous_0)
FN:7,(anonymous_1)
FN:12,(anonymous_2)
FN:18,(anonymous_3)
FN:23,(anonymous_4)
FN:32,(anonymous_5)
FNF:6
FNH:0
FNDA:0,(anonymous_0)
FNDA:0,(anonymous_1)
FNDA:0,(anonymous_2)
FNDA:0,(anonymous_3)
FNDA:0,(anonymous_4)
FNDA:0,(anonymous_5)
DA:3,0
DA:4,0
DA:8,0
DA:9,0
DA:13,0
DA:14,0
DA:15,0
DA:19,0
DA:20,0
DA:24,0
DA:33,0
LF:11
LH:0
BRDA:3,0,0,0
BRDA:8,1,0,0
BRDA:13,2,0,0
BRDA:23,3,0,0
BRDA:33,4,0,0
BRDA:33,4,1,0
BRF:6
BRH:0
end_of_record
TN:
SF:src/string-utils.ts
FN:4,(anonymous_0)
FN:12,(anonymous_1)
FN:31,(anonymous_2)
FN:40,(anonymous_3)
FN:57,(anonymous_4)
FN:63,(anonymous_5)
FN:64,(anonymous_6)
FN:70,(anonymous_7)
FN:88,(anonymous_8)
FN:96,(anonymous_9)
FN:108,(anonymous_10)
FN:115,(anonymous_11)
FN:116,(anonymous_12)
FN:123,(anonymous_13)
FN:137,(anonymous_14)
FN:139,(anonymous_15)
FN:140,(anonymous_16)
FN:147,(anonymous_17)
FN:154,(anonymous_18)
FN:162,(anonymous_19)
FN:169,(anonymous_20)
FNF:21
FNH:20
FNDA:0,(anonymous_0)
FNDA:9,(anonymous_1)
FNDA:3,(anonymous_2)
FNDA:7,(anonymous_3)
FNDA:3,(anonymous_4)
FNDA:3,(anonymous_5)
FNDA:3,(anonymous_6)
FNDA:16,(anonymous_7)
FNDA:4,(anonymous_8)
FNDA:6,(anonymous_9)
FNDA:4,(anonymous_10)
FNDA:10,(anonymous_11)
FNDA:10,(anonymous_12)
FNDA:5,(anonymous_13)
FNDA:7,(anonymous_14)
FNDA:14,(anonymous_15)
FNDA:14,(anonymous_16)
FNDA:75,(anonymous_17)
FNDA:5,(anonymous_18)
FNDA:10,(anonymous_19)
FNDA:5,(anonymous_20)
DA:1,1
DA:2,1
DA:5,0
DA:13,9
DA:14,2
DA:17,9
DA:18,5
DA:21,4
DA:32,3
DA:41,7
DA:42,2
DA:45,5
DA:47,5
DA:48,5
DA:50,0
DA:58,3
DA:59,2
DA:62,1
DA:63,3
DA:64,3
DA:71,16
DA:72,16
DA:74,16
DA:75,11
DA:78,5
DA:79,2
DA:82,3
DA:89,4
DA:90,4
DA:97,6
DA:98,2
DA:102,4
DA:109,4
DA:110,1
DA:113,3
DA:115,10
DA:116,10
DA:124,5
DA:125,2
DA:128,3
DA:138,7
DA:139,14
DA:140,14
DA:148,75
DA:155,5
DA:156,5
DA:163,10
DA:170,5
LF:48
LH:46
BRDA:12,0,0,6
BRDA:13,1,0,2
BRDA:17,2,0,5
BRDA:17,3,0,9
BRDA:17,3,1,6
BRDA:32,4,0,1
BRDA:32,4,1,2
BRDA:32,5,0,3
BRDA:32,5,1,2
BRDA:41,6,0,2
BRDA:48,7,0,3
BRDA:48,7,1,2
BRDA:58,8,0,2
BRDA:74,9,0,11
BRDA:78,10,0,2
BRDA:90,11,0,2
BRDA:90,11,1,2
BRDA:97,12,0,2
BRDA:109,13,0,1
BRDA:124,14,0,2
BRDA:148,15,0,75
BRDA:148,15,1,23
BRDA:156,16,0,1
BRDA:156,16,1,4
BRF:24
BRH:24
end_of_record
TN:
SF:src/weight-converters.ts
FN:6,(anonymous_0)
FN:10,(anonymous_1)
FN:14,(anonymous_2)
FN:18,(anonymous_3)
FN:22,(anonymous_4)
FN:26,(anonymous_5)
FN:30,(anonymous_6)
FNF:7
FNH:0
FNDA:0,(anonymous_0)
FNDA:0,(anonymous_1)
FNDA:0,(anonymous_2)
FNDA:0,(anonymous_3)
FNDA:0,(anonymous_4)
FNDA:0,(anonymous_5)
FNDA:0,(anonymous_6)
DA:2,0
DA:3,0
DA:4,0
DA:7,0
DA:11,0
DA:15,0
DA:19,0
DA:23,0
DA:27,0
DA:31,0
DA:33,0
DA:35,0
DA:37,0
DA:39,0
LF:14
LH:0
BRDA:30,0,0,0
BRDA:31,1,0,0
BRDA:31,1,1,0
BRDA:31,1,2,0
BRDA:31,1,3,0
BRF:5
BRH:0
end_of_record
TN:
SF:src/lib/utils.ts
FN:1,utils
FNF:1
FNH:0
FNDA:0,utils
DA:2,0
LF:1
LH:0
BRF:0
BRH:0
end_of_record
